\BOOKMARK [0][-]{chapter*.2}{Acronyms}{}% 1
\BOOKMARK [0][-]{chapter.1}{Introduction}{}% 2
\BOOKMARK [1][-]{section.1.1}{Preamble}{chapter.1}% 3
\BOOKMARK [1][-]{section.1.2}{Background to the Problem}{chapter.1}% 4
\BOOKMARK [1][-]{section.1.3}{Problem Statement}{chapter.1}% 5
\BOOKMARK [2][-]{subsection.1.3.1}{Privacy and Security}{section.1.3}% 6
\BOOKMARK [2][-]{subsection.1.3.2}{Comparison of Application Approval Process}{section.1.3}% 7
\BOOKMARK [2][-]{subsection.1.3.3}{Permission Issues Before Android 6.0}{section.1.3}% 8
\BOOKMARK [2][-]{subsection.1.3.4}{Context of Permission Requests}{section.1.3}% 9
\BOOKMARK [2][-]{subsection.1.3.5}{Other Issues}{section.1.3}% 10
\BOOKMARK [2][-]{subsection.1.3.6}{Problem in Summary}{section.1.3}% 11
\BOOKMARK [1][-]{section.1.4}{Research Question}{chapter.1}% 12
\BOOKMARK [1][-]{section.1.5}{Goal and Objectives}{chapter.1}% 13
\BOOKMARK [2][-]{subsection.1.5.1}{Goal}{section.1.5}% 14
\BOOKMARK [2][-]{subsection.1.5.2}{Objectives}{section.1.5}% 15
\BOOKMARK [1][-]{section.1.6}{Assumptions and Scope}{chapter.1}% 16
\BOOKMARK [2][-]{subsection.1.6.1}{Scope}{section.1.6}% 17
\BOOKMARK [2][-]{subsection.1.6.2}{Delimitation}{section.1.6}% 18
\BOOKMARK [1][-]{section.1.7}{Outline of the Thesis}{chapter.1}% 19
\BOOKMARK [0][-]{chapter.2}{Literature Review}{}% 20
\BOOKMARK [1][-]{section.2.1}{The Android Permission Model}{chapter.2}% 21
\BOOKMARK [2][-]{subsection.2.1.1}{Application Security and Privacy}{section.2.1}% 22
\BOOKMARK [2][-]{subsection.2.1.2}{Before Android Marshmallow}{section.2.1}% 23
\BOOKMARK [2][-]{subsection.2.1.3}{After Android Marshmallow}{section.2.1}% 24
\BOOKMARK [1][-]{section.2.2}{Problems with the existing system}{chapter.2}% 25
\BOOKMARK [2][-]{subsection.2.2.1}{Least Privilege}{section.2.2}% 26
\BOOKMARK [2][-]{subsection.2.2.2}{Capability Leaks}{section.2.2}% 27
\BOOKMARK [2][-]{subsection.2.2.3}{Data Availability After Uninstallation}{section.2.2}% 28
\BOOKMARK [2][-]{subsection.2.2.4}{Permission Creep}{section.2.2}% 29
\BOOKMARK [1][-]{section.2.3}{Proposed Solutions}{chapter.2}% 30
\BOOKMARK [2][-]{subsection.2.3.1}{Facilitating Informed Decisions}{section.2.3}% 31
\BOOKMARK [2][-]{subsection.2.3.2}{Code Analysis to Curb Permission Creep}{section.2.3}% 32
\BOOKMARK [2][-]{subsection.2.3.3}{User Driven Solutions}{section.2.3}% 33
\BOOKMARK [1][-]{section.2.4}{Transitivity of Trust}{chapter.2}% 34
\BOOKMARK [0][-]{section.2.4}{References}{}% 35
